# JRE version: OpenJDK Runtime Environment GraalVM CE 22.3.0 (17.0.5+8) (build 17.0.5+8-jvmci-22.3-b08)
# Java VM: OpenJDK 64-Bit Server VM GraalVM CE 22.3.0 (17.0.5+8-jvmci-22.3-b08, mixed mode, sharing, tiered, jvmci, jvmci compiler, compressed oops, compressed class ptrs, parallel gc, linux-amd64)
GC Precious Log:
 CPUs: 4 total, 1 available
 Memory: 1024M
 Large Page Support: Disabled
 NUMA Support: Disabled
 Compressed Oops: Enabled (32-bit)
 Alignments: Space 512K, Generation 512K, Heap 2M
 Heap Min Capacity: 100M
 Heap Initial Capacity: 100M
 Heap Max Capacity: 512M
 Pre-touch: Disabled
 Parallel Workers: 1
Heap:
 PSYoungGen      total 41472K, used 26233K [0x00000000f5580000, 0x00000000fc200000, 0x0000000100000000)
  eden space 23040K, 99% used [0x00000000f5580000,0x00000000f6bffff8,0x00000000f6c00000)
  from space 18432K, 17% used [0x00000000f9680000,0x00000000f999e7f8,0x00000000fa880000)
  to   space 43520K, 0% used [0x00000000f6c00000,0x00000000f6c00000,0x00000000f9680000)
 ParOldGen       total 349696K, used 349694K [0x00000000e0000000, 0x00000000f5580000, 0x00000000f5580000)
  object space 349696K, 99% used [0x00000000e0000000,0x00000000f557f9f0,0x00000000f5580000)
 Metaspace       used 53698K, committed 54592K, reserved 1105920K
  class space    used 5364K, committed 5696K, reserved 1048576K
GC Heap History (20 events):
Event: 694.991 GC heap before
{Heap before GC invocations=735 (full 616):
 PSYoungGen      total 41472K, used 26233K [0x00000000f5580000, 0x00000000fc200000, 0x0000000100000000)
  eden space 23040K, 99% used [0x00000000f5580000,0x00000000f6bffff8,0x00000000f6c00000)
  from space 18432K, 17% used [0x00000000f9680000,0x00000000f999e7f8,0x00000000fa880000)
  to   space 43520K, 0% used [0x00000000f6c00000,0x00000000f6c00000,0x00000000f9680000)
 ParOldGen       total 349696K, used 349695K [0x00000000e0000000, 0x00000000f5580000, 0x00000000f5580000)
  object space 349696K, 99% used [0x00000000e0000000,0x00000000f557ffe8,0x00000000f5580000)
 Metaspace       used 53698K, committed 54592K, reserved 1105920K
  class space    used 5364K, committed 5696K, reserved 1048576K
}
Event: 696.080 GC heap after
{Heap after GC invocations=735 (full 616):
 PSYoungGen      total 41472K, used 26233K [0x00000000f5580000, 0x00000000fc200000, 0x0000000100000000)
  eden space 23040K, 99% used [0x00000000f5580000,0x00000000f6bffff8,0x00000000f6c00000)
  from space 18432K, 17% used [0x00000000f9680000,0x00000000f999e7f8,0x00000000fa880000)
  to   space 43520K, 0% used [0x00000000f6c00000,0x00000000f6c00000,0x00000000f9680000)
 ParOldGen       total 349696K, used 349695K [0x00000000e0000000, 0x00000000f5580000, 0x00000000f5580000)
  object space 349696K, 99% used [0x00000000e0000000,0x00000000f557ff90,0x00000000f5580000)
 Metaspace       used 53698K, committed 54592K, reserved 1105920K
  class space    used 5364K, committed 5696K, reserved 1048576K
}
Event: 696.080 GC heap before
{Heap before GC invocations=736 (full 617):
 PSYoungGen      total 41472K, used 26233K [0x00000000f5580000, 0x00000000fc200000, 0x0000000100000000)
  eden space 23040K, 99% used [0x00000000f5580000,0x00000000f6bffff8,0x00000000f6c00000)
  from space 18432K, 17% used [0x00000000f9680000,0x00000000f999e7f8,0x00000000fa880000)
  to   space 43520K, 0% used [0x00000000f6c00000,0x00000000f6c00000,0x00000000f9680000)
 ParOldGen       total 349696K, used 349695K [0x00000000e0000000, 0x00000000f5580000, 0x00000000f5580000)
  object space 349696K, 99% used [0x00000000e0000000,0x00000000f557ffe0,0x00000000f5580000)
 Metaspace       used 53698K, committed 54592K, reserved 1105920K
  class space    used 5364K, committed 5696K, reserved 1048576K
}
Event: 697.069 GC heap after
{Heap after GC invocations=736 (full 617):
 PSYoungGen      total 41472K, used 26233K [0x00000000f5580000, 0x00000000fc200000, 0x0000000100000000)
  eden space 23040K, 99% used [0x00000000f5580000,0x00000000f6bffff8,0x00000000f6c00000)
  from space 18432K, 17% used [0x00000000f9680000,0x00000000f999e7f8,0x00000000fa880000)
  to   space 43520K, 0% used [0x00000000f6c00000,0x00000000f6c00000,0x00000000f9680000)
 ParOldGen       total 349696K, used 349695K [0x00000000e0000000, 0x00000000f5580000, 0x00000000f5580000)
  object space 349696K, 99% used [0x00000000e0000000,0x00000000f557ffc0,0x00000000f5580000)
 Metaspace       used 53698K, committed 54592K, reserved 1105920K
  class space    used 5364K, committed 5696K, reserved 1048576K
}
Event: 697.069 GC heap before
{Heap before GC invocations=737 (full 618):
 PSYoungGen      total 41472K, used 26233K [0x00000000f5580000, 0x00000000fc200000, 0x0000000100000000)
  eden space 23040K, 99% used [0x00000000f5580000,0x00000000f6bffff8,0x00000000f6c00000)
  from space 18432K, 17% used [0x00000000f9680000,0x00000000f999e7f8,0x00000000fa880000)
  to   space 43520K, 0% used [0x00000000f6c00000,0x00000000f6c00000,0x00000000f9680000)
 ParOldGen       total 349696K, used 349695K [0x00000000e0000000, 0x00000000f5580000, 0x00000000f5580000)
  object space 349696K, 99% used [0x00000000e0000000,0x00000000f557ffc0,0x00000000f5580000)
 Metaspace       used 53698K, committed 54592K, reserved 1105920K
  class space    used 5364K, committed 5696K, reserved 1048576K
}
Event: 698.083 GC heap after
{Heap after GC invocations=737 (full 618):
 PSYoungGen      total 41472K, used 26233K [0x00000000f5580000, 0x00000000fc200000, 0x0000000100000000)
  eden space 23040K, 99% used [0x00000000f5580000,0x00000000f6bffed0,0x00000000f6c00000)
  from space 18432K, 17% used [0x00000000f9680000,0x00000000f999e7f8,0x00000000fa880000)
  to   space 43520K, 0% used [0x00000000f6c00000,0x00000000f6c00000,0x00000000f9680000)
 ParOldGen       total 349696K, used 349690K [0x00000000e0000000, 0x00000000f5580000, 0x00000000f5580000)
  object space 349696K, 99% used [0x00000000e0000000,0x00000000f557ea20,0x00000000f5580000)
 Metaspace       used 53698K, committed 54592K, reserved 1105920K
  class space    used 5364K, committed 5696K, reserved 1048576K
}
Event: 698.088 GC heap before
{Heap before GC invocations=738 (full 619):
 PSYoungGen      total 41472K, used 26233K [0x00000000f5580000, 0x00000000fc200000, 0x0000000100000000)
  eden space 23040K, 100% used [0x00000000f5580000,0x00000000f6c00000,0x00000000f6c00000)
  from space 18432K, 17% used [0x00000000f9680000,0x00000000f999e7f8,0x00000000fa880000)
  to   space 43520K, 0% used [0x00000000f6c00000,0x00000000f6c00000,0x00000000f9680000)
 ParOldGen       total 349696K, used 349691K [0x00000000e0000000, 0x00000000f5580000, 0x00000000f5580000)
  object space 349696K, 99% used [0x00000000e0000000,0x00000000f557ee28,0x00000000f5580000)
 Metaspace       used 53698K, committed 54592K, reserved 1105920K
  class space    used 5364K, committed 5696K, reserved 1048576K
}
Event: 699.171 GC heap after
{Heap after GC invocations=738 (full 619):
 PSYoungGen      total 41472K, used 26233K [0x00000000f5580000, 0x00000000fc200000, 0x0000000100000000)
  eden space 23040K, 99% used [0x00000000f5580000,0x00000000f6bfff38,0x00000000f6c00000)
  from space 18432K, 17% used [0x00000000f9680000,0x00000000f999e7f8,0x00000000fa880000)
  to   space 43520K, 0% used [0x00000000f6c00000,0x00000000f6c00000,0x00000000f9680000)
 ParOldGen       total 349696K, used 349690K [0x00000000e0000000, 0x00000000f5580000, 0x00000000f5580000)
  object space 349696K, 99% used [0x00000000e0000000,0x00000000f557eae0,0x00000000f5580000)
 Metaspace       used 53698K, committed 54592K, reserved 1105920K
  class space    used 5364K, committed 5696K, reserved 1048576K
}
Event: 699.172 GC heap before
{Heap before GC invocations=739 (full 620):
 PSYoungGen      total 41472K, used 26233K [0x00000000f5580000, 0x00000000fc200000, 0x0000000100000000)
  eden space 23040K, 99% used [0x00000000f5580000,0x00000000f6bffff8,0x00000000f6c00000)
  from space 18432K, 17% used [0x00000000f9680000,0x00000000f999e7f8,0x00000000fa880000)
  to   space 43520K, 0% used [0x00000000f6c00000,0x00000000f6c00000,0x00000000f9680000)
 ParOldGen       total 349696K, used 349690K [0x00000000e0000000, 0x00000000f5580000, 0x00000000f5580000)
  object space 349696K, 99% used [0x00000000e0000000,0x00000000f557eae0,0x00000000f5580000)
 Metaspace       used 53698K, committed 54592K, reserved 1105920K
  class space    used 5364K, committed 5696K, reserved 1048576K
}
Event: 700.296 GC heap after
{Heap after GC invocations=739 (full 620):
 PSYoungGen      total 41472K, used 26233K [0x00000000f5580000, 0x00000000fc200000, 0x0000000100000000)
  eden space 23040K, 99% used [0x00000000f5580000,0x00000000f6bfff38,0x00000000f6c00000)
  from space 18432K, 17% used [0x00000000f9680000,0x00000000f999e7f8,0x00000000fa880000)
  to   space 43520K, 0% used [0x00000000f6c00000,0x00000000f6c00000,0x00000000f9680000)
 ParOldGen       total 349696K, used 349690K [0x00000000e0000000, 0x00000000f5580000, 0x00000000f5580000)
  object space 349696K, 99% used [0x00000000e0000000,0x00000000f557eae0,0x00000000f5580000)
 Metaspace       used 53698K, committed 54592K, reserved 1105920K
  class space    used 5364K, committed 5696K, reserved 1048576K
}
Event: 700.296 GC heap before
{Heap before GC invocations=740 (full 621):
 PSYoungGen      total 41472K, used 26233K [0x00000000f5580000, 0x00000000fc200000, 0x0000000100000000)
  eden space 23040K, 99% used [0x00000000f5580000,0x00000000f6bffff8,0x00000000f6c00000)
  from space 18432K, 17% used [0x00000000f9680000,0x00000000f999e7f8,0x00000000fa880000)
  to   space 43520K, 0% used [0x00000000f6c00000,0x00000000f6c00000,0x00000000f9680000)
 ParOldGen       total 349696K, used 349690K [0x00000000e0000000, 0x00000000f5580000, 0x00000000f5580000)
  object space 349696K, 99% used [0x00000000e0000000,0x00000000f557eae0,0x00000000f5580000)
 Metaspace       used 53698K, committed 54592K, reserved 1105920K
  class space    used 5364K, committed 5696K, reserved 1048576K
}
Event: 701.350 GC heap after
{Heap after GC invocations=740 (full 621):
 PSYoungGen      total 41472K, used 26233K [0x00000000f5580000, 0x00000000fc200000, 0x0000000100000000)
  eden space 23040K, 99% used [0x00000000f5580000,0x00000000f6bfff38,0x00000000f6c00000)
  from space 18432K, 17% used [0x00000000f9680000,0x00000000f999e7f8,0x00000000fa880000)
  to   space 43520K, 0% used [0x00000000f6c00000,0x00000000f6c00000,0x00000000f9680000)
 ParOldGen       total 349696K, used 349690K [0x00000000e0000000, 0x00000000f5580000, 0x00000000f5580000)
  object space 349696K, 99% used [0x00000000e0000000,0x00000000f557eae0,0x00000000f5580000)
 Metaspace       used 53698K, committed 54592K, reserved 1105920K
  class space    used 5364K, committed 5696K, reserved 1048576K
}
Event: 701.351 GC heap before
{Heap before GC invocations=741 (full 622):
 PSYoungGen      total 41472K, used 26233K [0x00000000f5580000, 0x00000000fc200000, 0x0000000100000000)
  eden space 23040K, 100% used [0x00000000f5580000,0x00000000f6c00000,0x00000000f6c00000)
  from space 18432K, 17% used [0x00000000f9680000,0x00000000f999e7f8,0x00000000fa880000)
  to   space 43520K, 0% used [0x00000000f6c00000,0x00000000f6c00000,0x00000000f9680000)
 ParOldGen       total 349696K, used 349690K [0x00000000e0000000, 0x00000000f5580000, 0x00000000f5580000)
  object space 349696K, 99% used [0x00000000e0000000,0x00000000f557eae0,0x00000000f5580000)
 Metaspace       used 53698K, committed 54592K, reserved 1105920K
  class space    used 5364K, committed 5696K, reserved 1048576K
}
Event: 702.502 GC heap after
{Heap after GC invocations=741 (full 622):
 PSYoungGen      total 41472K, used 26233K [0x00000000f5580000, 0x00000000fc200000, 0x0000000100000000)
  eden space 23040K, 99% used [0x00000000f5580000,0x00000000f6bfff50,0x00000000f6c00000)
  from space 18432K, 17% used [0x00000000f9680000,0x00000000f999e7f8,0x00000000fa880000)
  to   space 43520K, 0% used [0x00000000f6c00000,0x00000000f6c00000,0x00000000f9680000)
 ParOldGen       total 349696K, used 349690K [0x00000000e0000000, 0x00000000f5580000, 0x00000000f5580000)
  object space 349696K, 99% used [0x00000000e0000000,0x00000000f557eae0,0x00000000f5580000)
 Metaspace       used 53698K, committed 54592K, reserved 1105920K
  class space    used 5364K, committed 5696K, reserved 1048576K
}
Event: 702.502 GC heap before
{Heap before GC invocations=742 (full 623):
 PSYoungGen      total 41472K, used 26233K [0x00000000f5580000, 0x00000000fc200000, 0x0000000100000000)
  eden space 23040K, 99% used [0x00000000f5580000,0x00000000f6bfffd8,0x00000000f6c00000)
  from space 18432K, 17% used [0x00000000f9680000,0x00000000f999e7f8,0x00000000fa880000)
  to   space 43520K, 0% used [0x00000000f6c00000,0x00000000f6c00000,0x00000000f9680000)
 ParOldGen       total 349696K, used 349690K [0x00000000e0000000, 0x00000000f5580000, 0x00000000f5580000)
  object space 349696K, 99% used [0x00000000e0000000,0x00000000f557eae0,0x00000000f5580000)
 Metaspace       used 53698K, committed 54592K, reserved 1105920K
  class space    used 5364K, committed 5696K, reserved 1048576K
}
Event: 703.571 GC heap after
{Heap after GC invocations=742 (full 623):
 PSYoungGen      total 41472K, used 26233K [0x00000000f5580000, 0x00000000fc200000, 0x0000000100000000)
  eden space 23040K, 99% used [0x00000000f5580000,0x00000000f6bfff68,0x00000000f6c00000)
  from space 18432K, 17% used [0x00000000f9680000,0x00000000f999e7f8,0x00000000fa880000)
  to   space 43520K, 0% used [0x00000000f6c00000,0x00000000f6c00000,0x00000000f9680000)
 ParOldGen       total 349696K, used 349690K [0x00000000e0000000, 0x00000000f5580000, 0x00000000f5580000)
  object space 349696K, 99% used [0x00000000e0000000,0x00000000f557eae0,0x00000000f5580000)
 Metaspace       used 53698K, committed 54592K, reserved 1105920K
  class space    used 5364K, committed 5696K, reserved 1048576K
}
Event: 703.571 GC heap before
{Heap before GC invocations=743 (full 624):
 PSYoungGen      total 41472K, used 26233K [0x00000000f5580000, 0x00000000fc200000, 0x0000000100000000)
  eden space 23040K, 99% used [0x00000000f5580000,0x00000000f6bffff8,0x00000000f6c00000)
  from space 18432K, 17% used [0x00000000f9680000,0x00000000f999e7f8,0x00000000fa880000)
  to   space 43520K, 0% used [0x00000000f6c00000,0x00000000f6c00000,0x00000000f9680000)
 ParOldGen       total 349696K, used 349695K [0x00000000e0000000, 0x00000000f5580000, 0x00000000f5580000)
  object space 349696K, 99% used [0x00000000e0000000,0x00000000f557fe78,0x00000000f5580000)
 Metaspace       used 53698K, committed 54592K, reserved 1105920K
  class space    used 5364K, committed 5696K, reserved 1048576K
}
Event: 704.644 GC heap after
{Heap after GC invocations=743 (full 624):
 PSYoungGen      total 41472K, used 26233K [0x00000000f5580000, 0x00000000fc200000, 0x0000000100000000)
  eden space 23040K, 99% used [0x00000000f5580000,0x00000000f6bffff8,0x00000000f6c00000)
  from space 18432K, 17% used [0x00000000f9680000,0x00000000f999e7f8,0x00000000fa880000)
  to   space 43520K, 0% used [0x00000000f6c00000,0x00000000f6c00000,0x00000000f9680000)
 ParOldGen       total 349696K, used 349694K [0x00000000e0000000, 0x00000000f5580000, 0x00000000f5580000)
  object space 349696K, 99% used [0x00000000e0000000,0x00000000f557f958,0x00000000f5580000)
 Metaspace       used 53698K, committed 54592K, reserved 1105920K
  class space    used 5364K, committed 5696K, reserved 1048576K
}
Event: 704.645 GC heap before
{Heap before GC invocations=744 (full 625):
 PSYoungGen      total 41472K, used 26233K [0x00000000f5580000, 0x00000000fc200000, 0x0000000100000000)
  eden space 23040K, 99% used [0x00000000f5580000,0x00000000f6bffff8,0x00000000f6c00000)
  from space 18432K, 17% used [0x00000000f9680000,0x00000000f999e7f8,0x00000000fa880000)
  to   space 43520K, 0% used [0x00000000f6c00000,0x00000000f6c00000,0x00000000f9680000)
 ParOldGen       total 349696K, used 349694K [0x00000000e0000000, 0x00000000f5580000, 0x00000000f5580000)
  object space 349696K, 99% used [0x00000000e0000000,0x00000000f557f958,0x00000000f5580000)
 Metaspace       used 53698K, committed 54592K, reserved 1105920K
  class space    used 5364K, committed 5696K, reserved 1048576K
}
Event: 705.747 GC heap after
{Heap after GC invocations=744 (full 625):
 PSYoungGen      total 41472K, used 26233K [0x00000000f5580000, 0x00000000fc200000, 0x0000000100000000)
  eden space 23040K, 99% used [0x00000000f5580000,0x00000000f6bffff8,0x00000000f6c00000)
  from space 18432K, 17% used [0x00000000f9680000,0x00000000f999e7f8,0x00000000fa880000)
  to   space 43520K, 0% used [0x00000000f6c00000,0x00000000f6c00000,0x00000000f9680000)
 ParOldGen       total 349696K, used 349694K [0x00000000e0000000, 0x00000000f5580000, 0x00000000f5580000)
  object space 349696K, 99% used [0x00000000e0000000,0x00000000f557f958,0x00000000f5580000)
 Metaspace       used 53698K, committed 54592K, reserved 1105920K
  class space    used 5364K, committed 5696K, reserved 1048576K
}

