# JRE version: OpenJDK Runtime Environment GraalVM CE 22.3.0 (17.0.5+8) (build 17.0.5+8-jvmci-22.3-b08)
# Java VM: OpenJDK 64-Bit Server VM GraalVM CE 22.3.0 (17.0.5+8-jvmci-22.3-b08, mixed mode, sharing, tiered, jvmci, jvmci compiler, compressed oops, compressed class ptrs, parallel gc, linux-amd64)
GC Precious Log:
 CPUs: 4 total, 1 available
 Memory: 1024M
 Large Page Support: Disabled
 NUMA Support: Disabled
 Compressed Oops: Enabled (32-bit)
 Alignments: Space 512K, Generation 512K, Heap 2M
 Heap Min Capacity: 100M
 Heap Initial Capacity: 100M
 Heap Max Capacity: 512M
 Pre-touch: Disabled
 Parallel Workers: 1
Heap:
 PSYoungGen      total 71168K, used 52736K [0x00000000f5580000, 0x00000000fae80000, 0x0000000100000000)
  eden space 52736K, 100% used [0x00000000f5580000,0x00000000f8900000,0x00000000f8900000)
  from space 18432K, 0% used [0x00000000f8900000,0x00000000f8900000,0x00000000f9b00000)
  to   space 15360K, 0% used [0x00000000f9b00000,0x00000000f9b00000,0x00000000faa00000)
 ParOldGen       total 349696K, used 349695K [0x00000000e0000000, 0x00000000f5580000, 0x00000000f5580000)
  object space 349696K, 99% used [0x00000000e0000000,0x00000000f557fff8,0x00000000f5580000)
 Metaspace       used 59236K, committed 60224K, reserved 1105920K
  class space    used 5791K, committed 6208K, reserved 1048576K
GC Heap History (20 events):
Event: 345.022 GC heap before
{Heap before GC invocations=342 (full 227):
 PSYoungGen      total 71168K, used 52735K [0x00000000f5580000, 0x00000000fae80000, 0x0000000100000000)
  eden space 52736K, 99% used [0x00000000f5580000,0x00000000f88ffff8,0x00000000f8900000)
  from space 18432K, 0% used [0x00000000f8900000,0x00000000f8900000,0x00000000f9b00000)
  to   space 15360K, 0% used [0x00000000f9b00000,0x00000000f9b00000,0x00000000faa00000)
 ParOldGen       total 349696K, used 349695K [0x00000000e0000000, 0x00000000f5580000, 0x00000000f5580000)
  object space 349696K, 99% used [0x00000000e0000000,0x00000000f557fff0,0x00000000f5580000)
 Metaspace       used 59236K, committed 60224K, reserved 1105920K
  class space    used 5791K, committed 6208K, reserved 1048576K
}
Event: 346.144 GC heap after
{Heap after GC invocations=342 (full 227):
 PSYoungGen      total 68096K, used 52735K [0x00000000f5580000, 0x00000000fae80000, 0x0000000100000000)
  eden space 52736K, 99% used [0x00000000f5580000,0x00000000f88ffff8,0x00000000f8900000)
  from space 15360K, 0% used [0x00000000f9b00000,0x00000000f9b00000,0x00000000faa00000)
  to   space 18432K, 0% used [0x00000000f8900000,0x00000000f8900000,0x00000000f9b00000)
 ParOldGen       total 349696K, used 349695K [0x00000000e0000000, 0x00000000f5580000, 0x00000000f5580000)
  object space 349696K, 99% used [0x00000000e0000000,0x00000000f557fff0,0x00000000f5580000)
 Metaspace       used 59236K, committed 60224K, reserved 1105920K
  class space    used 5791K, committed 6208K, reserved 1048576K
}
Event: 346.196 GC heap before
{Heap before GC invocations=343 (full 228):
 PSYoungGen      total 68096K, used 52735K [0x00000000f5580000, 0x00000000fae80000, 0x0000000100000000)
  eden space 52736K, 99% used [0x00000000f5580000,0x00000000f88ffff8,0x00000000f8900000)
  from space 15360K, 0% used [0x00000000f9b00000,0x00000000f9b00000,0x00000000faa00000)
  to   space 18432K, 0% used [0x00000000f8900000,0x00000000f8900000,0x00000000f9b00000)
 ParOldGen       total 349696K, used 349695K [0x00000000e0000000, 0x00000000f5580000, 0x00000000f5580000)
  object space 349696K, 99% used [0x00000000e0000000,0x00000000f557fff0,0x00000000f5580000)
 Metaspace       used 59236K, committed 60224K, reserved 1105920K
  class space    used 5791K, committed 6208K, reserved 1048576K
}
Event: 347.301 GC heap after
{Heap after GC invocations=343 (full 228):
 PSYoungGen      total 71168K, used 52735K [0x00000000f5580000, 0x00000000fae80000, 0x0000000100000000)
  eden space 52736K, 99% used [0x00000000f5580000,0x00000000f88ffff8,0x00000000f8900000)
  from space 18432K, 0% used [0x00000000f8900000,0x00000000f8900000,0x00000000f9b00000)
  to   space 15360K, 0% used [0x00000000f9b00000,0x00000000f9b00000,0x00000000faa00000)
 ParOldGen       total 349696K, used 349695K [0x00000000e0000000, 0x00000000f5580000, 0x00000000f5580000)
  object space 349696K, 99% used [0x00000000e0000000,0x00000000f557fd18,0x00000000f5580000)
 Metaspace       used 59236K, committed 60224K, reserved 1105920K
  class space    used 5791K, committed 6208K, reserved 1048576K
}
Event: 347.301 GC heap before
{Heap before GC invocations=344 (full 229):
 PSYoungGen      total 71168K, used 52735K [0x00000000f5580000, 0x00000000fae80000, 0x0000000100000000)
  eden space 52736K, 99% used [0x00000000f5580000,0x00000000f88ffff8,0x00000000f8900000)
  from space 18432K, 0% used [0x00000000f8900000,0x00000000f8900000,0x00000000f9b00000)
  to   space 15360K, 0% used [0x00000000f9b00000,0x00000000f9b00000,0x00000000faa00000)
 ParOldGen       total 349696K, used 349695K [0x00000000e0000000, 0x00000000f5580000, 0x00000000f5580000)
  object space 349696K, 99% used [0x00000000e0000000,0x00000000f557ffd8,0x00000000f5580000)
 Metaspace       used 59236K, committed 60224K, reserved 1105920K
  class space    used 5791K, committed 6208K, reserved 1048576K
}
Event: 348.541 GC heap after
{Heap after GC invocations=344 (full 229):
 PSYoungGen      total 68096K, used 52735K [0x00000000f5580000, 0x00000000fae80000, 0x0000000100000000)
  eden space 52736K, 99% used [0x00000000f5580000,0x00000000f88ffea0,0x00000000f8900000)
  from space 15360K, 0% used [0x00000000f9b00000,0x00000000f9b00000,0x00000000faa00000)
  to   space 18432K, 0% used [0x00000000f8900000,0x00000000f8900000,0x00000000f9b00000)
 ParOldGen       total 349696K, used 349695K [0x00000000e0000000, 0x00000000f5580000, 0x00000000f5580000)
  object space 349696K, 99% used [0x00000000e0000000,0x00000000f557ff30,0x00000000f5580000)
 Metaspace       used 59236K, committed 60224K, reserved 1105920K
  class space    used 5791K, committed 6208K, reserved 1048576K
}
Event: 348.543 GC heap before
{Heap before GC invocations=345 (full 230):
 PSYoungGen      total 68096K, used 52736K [0x00000000f5580000, 0x00000000fae80000, 0x0000000100000000)
  eden space 52736K, 100% used [0x00000000f5580000,0x00000000f8900000,0x00000000f8900000)
  from space 15360K, 0% used [0x00000000f9b00000,0x00000000f9b00000,0x00000000faa00000)
  to   space 18432K, 0% used [0x00000000f8900000,0x00000000f8900000,0x00000000f9b00000)
 ParOldGen       total 349696K, used 349695K [0x00000000e0000000, 0x00000000f5580000, 0x00000000f5580000)
  object space 349696K, 99% used [0x00000000e0000000,0x00000000f557ff30,0x00000000f5580000)
 Metaspace       used 59236K, committed 60224K, reserved 1105920K
  class space    used 5791K, committed 6208K, reserved 1048576K
}
Event: 349.884 GC heap after
{Heap after GC invocations=345 (full 230):
 PSYoungGen      total 71168K, used 52735K [0x00000000f5580000, 0x00000000fae80000, 0x0000000100000000)
  eden space 52736K, 99% used [0x00000000f5580000,0x00000000f88ffe68,0x00000000f8900000)
  from space 18432K, 0% used [0x00000000f8900000,0x00000000f8900000,0x00000000f9b00000)
  to   space 15360K, 0% used [0x00000000f9b00000,0x00000000f9b00000,0x00000000faa00000)
 ParOldGen       total 349696K, used 349695K [0x00000000e0000000, 0x00000000f5580000, 0x00000000f5580000)
  object space 349696K, 99% used [0x00000000e0000000,0x00000000f557feb8,0x00000000f5580000)
 Metaspace       used 59236K, committed 60224K, reserved 1105920K
  class space    used 5791K, committed 6208K, reserved 1048576K
}
Event: 349.884 GC heap before
{Heap before GC invocations=346 (full 231):
 PSYoungGen      total 71168K, used 52735K [0x00000000f5580000, 0x00000000fae80000, 0x0000000100000000)
  eden space 52736K, 99% used [0x00000000f5580000,0x00000000f88ffff8,0x00000000f8900000)
  from space 18432K, 0% used [0x00000000f8900000,0x00000000f8900000,0x00000000f9b00000)
  to   space 15360K, 0% used [0x00000000f9b00000,0x00000000f9b00000,0x00000000faa00000)
 ParOldGen       total 349696K, used 349695K [0x00000000e0000000, 0x00000000f5580000, 0x00000000f5580000)
  object space 349696K, 99% used [0x00000000e0000000,0x00000000f557feb8,0x00000000f5580000)
 Metaspace       used 59236K, committed 60224K, reserved 1105920K
  class space    used 5791K, committed 6208K, reserved 1048576K
}
Event: 351.127 GC heap after
{Heap after GC invocations=346 (full 231):
 PSYoungGen      total 68096K, used 52735K [0x00000000f5580000, 0x00000000fae80000, 0x0000000100000000)
  eden space 52736K, 99% used [0x00000000f5580000,0x00000000f88fff00,0x00000000f8900000)
  from space 15360K, 0% used [0x00000000f9b00000,0x00000000f9b00000,0x00000000faa00000)
  to   space 18432K, 0% used [0x00000000f8900000,0x00000000f8900000,0x00000000f9b00000)
 ParOldGen       total 349696K, used 349695K [0x00000000e0000000, 0x00000000f5580000, 0x00000000f5580000)
  object space 349696K, 99% used [0x00000000e0000000,0x00000000f557feb8,0x00000000f5580000)
 Metaspace       used 59236K, committed 60224K, reserved 1105920K
  class space    used 5791K, committed 6208K, reserved 1048576K
}
Event: 351.128 GC heap before
{Heap before GC invocations=347 (full 232):
 PSYoungGen      total 68096K, used 52735K [0x00000000f5580000, 0x00000000fae80000, 0x0000000100000000)
  eden space 52736K, 99% used [0x00000000f5580000,0x00000000f88ffff8,0x00000000f8900000)
  from space 15360K, 0% used [0x00000000f9b00000,0x00000000f9b00000,0x00000000faa00000)
  to   space 18432K, 0% used [0x00000000f8900000,0x00000000f8900000,0x00000000f9b00000)
 ParOldGen       total 349696K, used 349695K [0x00000000e0000000, 0x00000000f5580000, 0x00000000f5580000)
  object space 349696K, 99% used [0x00000000e0000000,0x00000000f557feb8,0x00000000f5580000)
 Metaspace       used 59236K, committed 60224K, reserved 1105920K
  class space    used 5791K, committed 6208K, reserved 1048576K
}
Event: 352.351 GC heap after
{Heap after GC invocations=347 (full 232):
 PSYoungGen      total 71168K, used 52735K [0x00000000f5580000, 0x00000000fae80000, 0x0000000100000000)
  eden space 52736K, 99% used [0x00000000f5580000,0x00000000f88fff00,0x00000000f8900000)
  from space 18432K, 0% used [0x00000000f8900000,0x00000000f8900000,0x00000000f9b00000)
  to   space 15360K, 0% used [0x00000000f9b00000,0x00000000f9b00000,0x00000000faa00000)
 ParOldGen       total 349696K, used 349695K [0x00000000e0000000, 0x00000000f5580000, 0x00000000f5580000)
  object space 349696K, 99% used [0x00000000e0000000,0x00000000f557feb8,0x00000000f5580000)
 Metaspace       used 59236K, committed 60224K, reserved 1105920K
  class space    used 5791K, committed 6208K, reserved 1048576K
}
Event: 352.354 GC heap before
{Heap before GC invocations=348 (full 233):
 PSYoungGen      total 71168K, used 52736K [0x00000000f5580000, 0x00000000fae80000, 0x0000000100000000)
  eden space 52736K, 100% used [0x00000000f5580000,0x00000000f8900000,0x00000000f8900000)
  from space 18432K, 0% used [0x00000000f8900000,0x00000000f8900000,0x00000000f9b00000)
  to   space 15360K, 0% used [0x00000000f9b00000,0x00000000f9b00000,0x00000000faa00000)
 ParOldGen       total 349696K, used 349695K [0x00000000e0000000, 0x00000000f5580000, 0x00000000f5580000)
  object space 349696K, 99% used [0x00000000e0000000,0x00000000f557feb8,0x00000000f5580000)
 Metaspace       used 59236K, committed 60224K, reserved 1105920K
  class space    used 5791K, committed 6208K, reserved 1048576K
}
Event: 353.606 GC heap after
{Heap after GC invocations=348 (full 233):
 PSYoungGen      total 68096K, used 52735K [0x00000000f5580000, 0x00000000fae80000, 0x0000000100000000)
  eden space 52736K, 99% used [0x00000000f5580000,0x00000000f88ffed0,0x00000000f8900000)
  from space 15360K, 0% used [0x00000000f9b00000,0x00000000f9b00000,0x00000000faa00000)
  to   space 18432K, 0% used [0x00000000f8900000,0x00000000f8900000,0x00000000f9b00000)
 ParOldGen       total 349696K, used 349695K [0x00000000e0000000, 0x00000000f5580000, 0x00000000f5580000)
  object space 349696K, 99% used [0x00000000e0000000,0x00000000f557feb8,0x00000000f5580000)
 Metaspace       used 59236K, committed 60224K, reserved 1105920K
  class space    used 5791K, committed 6208K, reserved 1048576K
}
Event: 353.607 GC heap before
{Heap before GC invocations=349 (full 234):
 PSYoungGen      total 68096K, used 52735K [0x00000000f5580000, 0x00000000fae80000, 0x0000000100000000)
  eden space 52736K, 99% used [0x00000000f5580000,0x00000000f88ffff8,0x00000000f8900000)
  from space 15360K, 0% used [0x00000000f9b00000,0x00000000f9b00000,0x00000000faa00000)
  to   space 18432K, 0% used [0x00000000f8900000,0x00000000f8900000,0x00000000f9b00000)
 ParOldGen       total 349696K, used 349695K [0x00000000e0000000, 0x00000000f5580000, 0x00000000f5580000)
  object space 349696K, 99% used [0x00000000e0000000,0x00000000f557feb8,0x00000000f5580000)
 Metaspace       used 59236K, committed 60224K, reserved 1105920K
  class space    used 5791K, committed 6208K, reserved 1048576K
}
Event: 354.886 GC heap after
{Heap after GC invocations=349 (full 234):
 PSYoungGen      total 71168K, used 52735K [0x00000000f5580000, 0x00000000fae80000, 0x0000000100000000)
  eden space 52736K, 99% used [0x00000000f5580000,0x00000000f88ffee8,0x00000000f8900000)
  from space 18432K, 0% used [0x00000000f8900000,0x00000000f8900000,0x00000000f9b00000)
  to   space 15360K, 0% used [0x00000000f9b00000,0x00000000f9b00000,0x00000000faa00000)
 ParOldGen       total 349696K, used 349695K [0x00000000e0000000, 0x00000000f5580000, 0x00000000f5580000)
  object space 349696K, 99% used [0x00000000e0000000,0x00000000f557feb8,0x00000000f5580000)
 Metaspace       used 59236K, committed 60224K, reserved 1105920K
  class space    used 5791K, committed 6208K, reserved 1048576K
}
Event: 354.886 GC heap before
{Heap before GC invocations=350 (full 235):
 PSYoungGen      total 71168K, used 52735K [0x00000000f5580000, 0x00000000fae80000, 0x0000000100000000)
  eden space 52736K, 99% used [0x00000000f5580000,0x00000000f88fff00,0x00000000f8900000)
  from space 18432K, 0% used [0x00000000f8900000,0x00000000f8900000,0x00000000f9b00000)
  to   space 15360K, 0% used [0x00000000f9b00000,0x00000000f9b00000,0x00000000faa00000)
 ParOldGen       total 349696K, used 349695K [0x00000000e0000000, 0x00000000f5580000, 0x00000000f5580000)
  object space 349696K, 99% used [0x00000000e0000000,0x00000000f557feb8,0x00000000f5580000)
 Metaspace       used 59236K, committed 60224K, reserved 1105920K
  class space    used 5791K, committed 6208K, reserved 1048576K
}
Event: 356.526 GC heap after
{Heap after GC invocations=350 (full 235):
 PSYoungGen      total 68096K, used 52735K [0x00000000f5580000, 0x00000000fae80000, 0x0000000100000000)
  eden space 52736K, 99% used [0x00000000f5580000,0x00000000f88fff00,0x00000000f8900000)
  from space 15360K, 0% used [0x00000000f9b00000,0x00000000f9b00000,0x00000000faa00000)
  to   space 18432K, 0% used [0x00000000f8900000,0x00000000f8900000,0x00000000f9b00000)
 ParOldGen       total 349696K, used 349695K [0x00000000e0000000, 0x00000000f5580000, 0x00000000f5580000)
  object space 349696K, 99% used [0x00000000e0000000,0x00000000f557feb8,0x00000000f5580000)
 Metaspace       used 59236K, committed 60224K, reserved 1105920K
  class space    used 5791K, committed 6208K, reserved 1048576K
}
Event: 356.526 GC heap before
{Heap before GC invocations=351 (full 236):
 PSYoungGen      total 68096K, used 52735K [0x00000000f5580000, 0x00000000fae80000, 0x0000000100000000)
  eden space 52736K, 99% used [0x00000000f5580000,0x00000000f88fff00,0x00000000f8900000)
  from space 15360K, 0% used [0x00000000f9b00000,0x00000000f9b00000,0x00000000faa00000)
  to   space 18432K, 0% used [0x00000000f8900000,0x00000000f8900000,0x00000000f9b00000)
 ParOldGen       total 349696K, used 349695K [0x00000000e0000000, 0x00000000f5580000, 0x00000000f5580000)
  object space 349696K, 99% used [0x00000000e0000000,0x00000000f557feb8,0x00000000f5580000)
 Metaspace       used 59236K, committed 60224K, reserved 1105920K
  class space    used 5791K, committed 6208K, reserved 1048576K
}
Event: 357.756 GC heap after
{Heap after GC invocations=351 (full 236):
 PSYoungGen      total 71168K, used 52735K [0x00000000f5580000, 0x00000000fae80000, 0x0000000100000000)
  eden space 52736K, 99% used [0x00000000f5580000,0x00000000f88fff00,0x00000000f8900000)
  from space 18432K, 0% used [0x00000000f8900000,0x00000000f8900000,0x00000000f9b00000)
  to   space 15360K, 0% used [0x00000000f9b00000,0x00000000f9b00000,0x00000000faa00000)
 ParOldGen       total 349696K, used 349695K [0x00000000e0000000, 0x00000000f5580000, 0x00000000f5580000)
  object space 349696K, 99% used [0x00000000e0000000,0x00000000f557feb8,0x00000000f5580000)
 Metaspace       used 59236K, committed 60224K, reserved 1105920K
  class space    used 5791K, committed 6208K, reserved 1048576K
}

